16:49:51 **** Build of configuration Debug for project SSSMarket ****
make all 
Building file: ../StockMarket.cpp
Invoking: GCC C++ Compiler
g++ -O0 -g3 -Wall -c -fmessage-length=0 -MMD -MP -MF"StockMarket.d" -MT"StockMarket.o" -o "StockMarket.o" "../StockMarket.cpp"
Finished building: ../StockMarket.cpp
 
Building file: ../Stocks.cpp
Invoking: GCC C++ Compiler
g++ -O0 -g3 -Wall -c -fmessage-length=0 -MMD -MP -MF"Stocks.d" -MT"Stocks.o" -o "Stocks.o" "../Stocks.cpp"
Finished building: ../Stocks.cpp
 
Building target: libSSSMarket.a
ar: creating libSSSMarket.a
Invoking: GCC Archiver
ar -r  "libSSSMarket.a"  ./StockMarket.o ./Stocks.o   
Finished building target: libSSSMarket.a
 
16:49:52 **** Build of configuration Debug for project SSSMarketApplication ****
make all 
Building file: ../src/SSSMarketApplication.cpp
Invoking: GCC C++ Compiler
g++ -I"/home/david/david_workspace/working/SuperSimpleStockMarket/SSSMarket" -O0 -g3 -Wall -c -fmessage-length=0 -MMD -MP -MF"src/SSSMarketApplication.d" -MT"src/SSSMarketApplication.o" -o "src/SSSMarketApplication.o" "../src/SSSMarketApplication.cpp"
Finished building: ../src/SSSMarketApplication.cpp
 
Building target: SSSMarketApplication
Invoking: GCC C++ Linker
g++ -L"/home/david/david_workspace/working/SuperSimpleStockMarket/SSSMarket/Debug" -o "SSSMarketApplication"  ./src/SSSMarketApplication.o   -lSSSMarket
Finished building target: SSSMarketApplication
 
